2025-02-15 06:27:42,176 - DEBUG - project_files count is 2 [Asset(id=ObjectId('67b0ad7d941686461d619752'), asset_project_id=ObjectId('67b0ad7d941686461d619751'), asset_type='file', asset_name='bbb.txt', asset_size=241, asset_config=None, asset_pushed_at=<built-in method utcnow of type object at 0x7f837d513900>), Asset(id=ObjectId('67b0ad86941686461d619753'), asset_project_id=ObjectId('67b0ad7d941686461d619751'), asset_type='file', asset_name='ccc.txt', asset_size=121, asset_config=None, asset_pushed_at=<built-in method utcnow of type object at 0x7f837d513900>)] project_id 67b0ad7d941686461d619751 
2025-02-15 06:27:42,177 - DEBUG - project_file_ids {ObjectId('67b0ad7d941686461d619752'): 'bbb.txt', ObjectId('67b0ad86941686461d619753'): 'ccc.txt'}
2025-02-15 06:27:42,177 - DEBUG - file id bbb.txt
2025-02-15 06:27:42,177 - DEBUG - file path /mnt/d/machine_learning/mini-rag/src/assets/files/2/bbb.txt
2025-02-15 06:27:42,178 - DEBUG - file extension .txt
2025-02-15 06:27:42,183 - DEBUG -  chunks [Document(page_content='Hello I am Abdelrahman ghania \nI am 21 years old I hope I will be a good man', metadata={'source': '/mnt/d/machine_learning/mini-rag/src/assets/files/2/bbb.txt'}), Document(page_content='how are you today is 15th of the February 2025 \nI am in Lafayette Indiana US', metadata={'source': '/mnt/d/machine_learning/mini-rag/src/assets/files/2/bbb.txt'}), Document(page_content='I am studying at purdue university', metadata={'source': '/mnt/d/machine_learning/mini-rag/src/assets/files/2/bbb.txt'}), Document(page_content='please remember that and be smart', metadata={'source': '/mnt/d/machine_learning/mini-rag/src/assets/files/2/bbb.txt'})] Hello I am Abdelrahman ghania 
I am 21 years old I hope I will be a good man
2025-02-15 06:27:42,189 - DEBUG - file id ccc.txt
2025-02-15 06:27:42,189 - DEBUG - file path /mnt/d/machine_learning/mini-rag/src/assets/files/2/ccc.txt
2025-02-15 06:27:42,189 - DEBUG - file extension .txt
2025-02-15 06:27:42,194 - DEBUG -  chunks [Document(page_content='assjdshj hs \n\n\nvisca barca', metadata={'source': '/mnt/d/machine_learning/mini-rag/src/assets/files/2/ccc.txt'}), Document(page_content="hello my friend that's me what are you doing now are you crazy ??? yes I think you are", metadata={'source': '/mnt/d/machine_learning/mini-rag/src/assets/files/2/ccc.txt'})] assjdshj hs 


visca barca
2025-02-15 06:28:13,503 - DEBUG - project_files count is 2 [Asset(id=ObjectId('67b0ad7d941686461d619752'), asset_project_id=ObjectId('67b0ad7d941686461d619751'), asset_type='file', asset_name='bbb.txt', asset_size=241, asset_config=None, asset_pushed_at=<built-in method utcnow of type object at 0x7f837d513900>), Asset(id=ObjectId('67b0ad86941686461d619753'), asset_project_id=ObjectId('67b0ad7d941686461d619751'), asset_type='file', asset_name='ccc.txt', asset_size=121, asset_config=None, asset_pushed_at=<built-in method utcnow of type object at 0x7f837d513900>)] project_id 67b0ad7d941686461d619751 
2025-02-15 06:28:13,504 - DEBUG - project_file_ids {ObjectId('67b0ad7d941686461d619752'): 'bbb.txt', ObjectId('67b0ad86941686461d619753'): 'ccc.txt'}
2025-02-15 06:28:13,504 - DEBUG - file id bbb.txt
2025-02-15 06:28:13,504 - DEBUG - file path /mnt/d/machine_learning/mini-rag/src/assets/files/2/bbb.txt
2025-02-15 06:28:13,504 - DEBUG - file extension .txt
2025-02-15 06:28:13,508 - DEBUG -  chunks [Document(page_content='Hello I am Abdelrahman ghania \nI am 21 years old I hope I will be a good man', metadata={'source': '/mnt/d/machine_learning/mini-rag/src/assets/files/2/bbb.txt'}), Document(page_content='how are you today is 15th of the February 2025 \nI am in Lafayette Indiana US', metadata={'source': '/mnt/d/machine_learning/mini-rag/src/assets/files/2/bbb.txt'}), Document(page_content='I am studying at purdue university', metadata={'source': '/mnt/d/machine_learning/mini-rag/src/assets/files/2/bbb.txt'}), Document(page_content='please remember that and be smart', metadata={'source': '/mnt/d/machine_learning/mini-rag/src/assets/files/2/bbb.txt'})] Hello I am Abdelrahman ghania 
I am 21 years old I hope I will be a good man
2025-02-15 06:28:13,512 - DEBUG - file id ccc.txt
2025-02-15 06:28:13,513 - DEBUG - file path /mnt/d/machine_learning/mini-rag/src/assets/files/2/ccc.txt
2025-02-15 06:28:13,513 - DEBUG - file extension .txt
2025-02-15 06:28:13,517 - DEBUG -  chunks [Document(page_content='assjdshj hs \n\n\nvisca barca', metadata={'source': '/mnt/d/machine_learning/mini-rag/src/assets/files/2/ccc.txt'}), Document(page_content="hello my friend that's me what are you doing now are you crazy ??? yes I think you are", metadata={'source': '/mnt/d/machine_learning/mini-rag/src/assets/files/2/ccc.txt'})] assjdshj hs 


visca barca
2025-02-15 06:28:34,704 - DEBUG - project_file_ids {ObjectId('67b0ad7d941686461d619752'): 'bbb.txt'}
2025-02-15 06:28:34,705 - DEBUG - file id bbb.txt
2025-02-15 06:28:34,705 - DEBUG - file path /mnt/d/machine_learning/mini-rag/src/assets/files/2/bbb.txt
2025-02-15 06:28:34,705 - DEBUG - file extension .txt
2025-02-15 06:28:34,707 - DEBUG -  chunks [Document(page_content='Hello I am Abdelrahman ghania \nI am 21 years old I hope I will be a good man', metadata={'source': '/mnt/d/machine_learning/mini-rag/src/assets/files/2/bbb.txt'}), Document(page_content='how are you today is 15th of the February 2025 \nI am in Lafayette Indiana US', metadata={'source': '/mnt/d/machine_learning/mini-rag/src/assets/files/2/bbb.txt'}), Document(page_content='I am studying at purdue university', metadata={'source': '/mnt/d/machine_learning/mini-rag/src/assets/files/2/bbb.txt'}), Document(page_content='please remember that and be smart', metadata={'source': '/mnt/d/machine_learning/mini-rag/src/assets/files/2/bbb.txt'})] Hello I am Abdelrahman ghania 
I am 21 years old I hope I will be a good man
